[2024-02-02T05:23:32.497Z] POST /api/register
[2024-02-08T04:08:20.086Z] GET /api/staff
[2024-02-08T04:08:20.217Z] GET /api/staff
[2024-02-08T04:27:29.897Z] GET /api/staff
[2024-02-08T04:27:30.026Z] GET /api/staff
[2024-02-08T04:27:40.306Z] PUT /api/staff/65aadc0896010bff26fca47e
[2024-02-08T04:27:40.561Z] GET /api/staff
[2024-02-08T04:28:08.972Z] GET /api/staff
[2024-02-08T04:28:09.044Z] GET /api/staff
[2024-02-08T04:28:46.108Z] PUT /api/staff/65aadc0896010bff26fca47e
[2024-02-08T04:28:46.240Z] GET /api/staff
[2024-02-08T04:29:53.713Z] GET /api/staff
[2024-02-08T04:29:54.220Z] GET /api/staff
[2024-02-08T04:29:59.631Z] PUT /api/staff/65aadc0896010bff26fca47e
[2024-02-08T04:30:34.316Z] PUT /api/staff/65aadc0896010bff26fca47e
[2024-02-08T04:32:29.210Z] GET /api/staff
[2024-02-08T04:32:29.324Z] GET /api/staff
[2024-02-08T05:00:12.774Z] POST /api/food-items
[2024-02-08T05:01:57.610Z] POST /api/food-items
[2024-02-15T04:09:42.523Z] GET /api/food-items
[2024-02-15T04:09:42.572Z] GET /api/food-items
[2024-02-15T04:13:51.541Z] GET /api/food-items
[2024-02-15T04:13:51.918Z] GET /api/food-items
[2024-02-15T04:13:52.311Z] GET /uploads/1705701340540-Spoorthi%20News%20Logo%20Transperent.png
[2024-02-15T04:13:52.321Z] GET /uploads/1705703189755-R.png
[2024-02-15T04:13:52.327Z] GET /uploads/1707368412784-Leonardo_Diffusion_XL_day_1_text_2.jpg
[2024-02-15T04:13:52.331Z] GET /uploads/1707368517616-Leonardo_Diffusion_XL_create_one_thumbail_for_coding_related_1.jpg
[2024-02-15T04:13:52.334Z] GET /uploads/1707363836086-Leonardo_Diffusion_XL_create_one_thumbail_for_coding_related_1.jpg
[2024-02-15T04:17:35.106Z] GET /api/food-items
[2024-02-15T04:17:35.229Z] GET /api/food-items
[2024-02-15T04:17:35.338Z] GET /uploads/1705701340540-Spoorthi%20News%20Logo%20Transperent.png
[2024-02-15T04:17:35.345Z] GET /uploads/1705703189755-R.png
[2024-02-15T04:17:35.347Z] GET /uploads/1707363836086-Leonardo_Diffusion_XL_create_one_thumbail_for_coding_related_1.jpg
[2024-02-15T04:17:35.376Z] GET /uploads/1707368412784-Leonardo_Diffusion_XL_day_1_text_2.jpg
[2024-02-15T04:17:35.391Z] GET /uploads/1707368517616-Leonardo_Diffusion_XL_create_one_thumbail_for_coding_related_1.jpg
[2024-02-15T04:18:15.788Z] GET /api/food-items
[2024-02-15T04:18:15.838Z] GET /api/food-items
[2024-02-15T04:18:15.863Z] GET /uploads/1705701340540-Spoorthi%20News%20Logo%20Transperent.png
[2024-02-15T04:18:15.871Z] GET /uploads/1705703189755-R.png
[2024-02-15T04:18:15.873Z] GET /uploads/1707363836086-Leonardo_Diffusion_XL_create_one_thumbail_for_coding_related_1.jpg
[2024-02-15T04:20:34.350Z] GET /api/food-items
[2024-02-15T04:20:34.410Z] GET /api/food-items
[2024-02-15T04:20:34.468Z] GET /uploads/1705701340540-Spoorthi%20News%20Logo%20Transperent.png
[2024-02-15T04:20:34.470Z] GET /uploads/1705703189755-R.png
[2024-02-15T04:20:34.471Z] GET /uploads/1707368412784-Leonardo_Diffusion_XL_day_1_text_2.jpg
[2024-02-15T04:20:34.472Z] GET /uploads/1707368517616-Leonardo_Diffusion_XL_create_one_thumbail_for_coding_related_1.jpg
[2024-02-15T04:20:34.474Z] GET /uploads/1707363836086-Leonardo_Diffusion_XL_create_one_thumbail_for_coding_related_1.jpg
[2024-02-15T04:20:35.471Z] GET /api/food-items/65c45fdce1de2dd384c9b16f
[2024-02-15T04:20:35.497Z] GET /api/staff/available
[2024-02-15T04:20:35.501Z] GET /api/food-items/65c45fdce1de2dd384c9b16f
[2024-02-15T04:20:35.510Z] GET /api/staff/available
[2024-02-15T04:25:08.954Z] GET /api/food-items/65c45fdce1de2dd384c9b16f
[2024-02-15T04:25:08.989Z] GET /api/staff/available
[2024-02-15T04:25:09.023Z] GET /api/staff/available
[2024-02-15T04:25:09.088Z] GET /api/food-items/65c45fdce1de2dd384c9b16f
[2024-02-15T04:25:09.106Z] GET /uploads/1707368412784-Leonardo_Diffusion_XL_day_1_text_2.jpg
[2024-02-15T04:25:49.524Z] GET /api/food-items
[2024-02-15T04:25:49.592Z] GET /api/food-items
[2024-02-15T04:25:49.616Z] GET /uploads/1705703189755-R.png
[2024-02-15T04:25:49.619Z] GET /uploads/1705701340540-Spoorthi%20News%20Logo%20Transperent.png
[2024-02-15T04:25:49.627Z] GET /uploads/1707363836086-Leonardo_Diffusion_XL_create_one_thumbail_for_coding_related_1.jpg
[2024-02-15T04:25:49.634Z] GET /uploads/1707368517616-Leonardo_Diffusion_XL_create_one_thumbail_for_coding_related_1.jpg
[2024-02-15T04:25:54.066Z] GET /api/food-items/65c46045e1de2dd384c9b171
[2024-02-15T04:25:54.091Z] GET /api/staff/available
[2024-02-15T04:25:54.097Z] GET /api/staff/available
[2024-02-15T04:25:54.126Z] GET /api/food-items/65c46045e1de2dd384c9b171
[2024-02-15T04:32:02.976Z] GET /api/food-items/65c46045e1de2dd384c9b171
[2024-02-15T04:32:03.008Z] GET /api/staff/available
[2024-02-15T04:32:03.119Z] GET /api/food-items/65c46045e1de2dd384c9b171
[2024-02-15T04:32:03.133Z] GET /uploads/1707368517616-Leonardo_Diffusion_XL_create_one_thumbail_for_coding_related_1.jpg
[2024-02-15T04:32:22.967Z] GET /api/staff/available
[2024-02-15T04:33:45.315Z] GET /api/food-items/65c46045e1de2dd384c9b171
[2024-02-15T04:33:45.380Z] GET /api/staff/available
[2024-02-15T04:33:45.531Z] GET /api/food-items/65c46045e1de2dd384c9b171
[2024-02-15T04:33:45.563Z] GET /uploads/1707368517616-Leonardo_Diffusion_XL_create_one_thumbail_for_coding_related_1.jpg
[2024-02-15T04:34:05.291Z] GET /api/staff/available
[2024-02-15T04:42:58.973Z] GET /api/food-items/65c46045e1de2dd384c9b171
[2024-02-15T04:42:59.020Z] GET /api/staff/available
[2024-02-15T04:44:28.830Z] GET /api/food-items
[2024-02-15T04:44:28.938Z] GET /api/food-items
[2024-02-15T04:44:28.964Z] GET /uploads/1705701340540-Spoorthi%20News%20Logo%20Transperent.png
[2024-02-15T04:44:28.988Z] GET /uploads/1705703189755-R.png
[2024-02-15T04:44:28.991Z] GET /uploads/1707363836086-Leonardo_Diffusion_XL_create_one_thumbail_for_coding_related_1.jpg
[2024-02-15T04:44:29.014Z] GET /uploads/1707368412784-Leonardo_Diffusion_XL_day_1_text_2.jpg
[2024-02-15T04:44:29.017Z] GET /uploads/1707368517616-Leonardo_Diffusion_XL_create_one_thumbail_for_coding_related_1.jpg
[2024-02-15T04:44:30.898Z] GET /api/food-items/65c45fdce1de2dd384c9b16f
[2024-02-15T04:44:30.911Z] GET /api/staff/available
[2024-02-15T04:44:30.948Z] GET /api/food-items/65c45fdce1de2dd384c9b16f
[2024-02-15T04:44:30.978Z] GET /api/staff/available
[2024-02-15T04:45:43.324Z] GET /api/food-items/65c45fdce1de2dd384c9b16f
[2024-02-15T04:45:43.361Z] GET /api/staff/available
[2024-02-15T04:45:43.526Z] GET /api/food-items/65c45fdce1de2dd384c9b16f
[2024-02-15T04:45:43.537Z] GET /uploads/1707368412784-Leonardo_Diffusion_XL_day_1_text_2.jpg
[2024-02-15T04:45:43.584Z] GET /api/staff/available
[2024-02-15T04:46:45.842Z] GET /api/food-items/65c45fdce1de2dd384c9b16f
[2024-02-15T04:46:45.872Z] GET /api/staff/available
[2024-02-15T04:46:46.020Z] GET /api/staff/available
[2024-02-15T04:46:46.039Z] GET /api/food-items/65c45fdce1de2dd384c9b16f
[2024-02-15T04:46:46.063Z] GET /uploads/1707368412784-Leonardo_Diffusion_XL_day_1_text_2.jpg
[2024-02-15T04:47:35.994Z] GET /api/staff
[2024-02-15T04:47:36.070Z] GET /api/staff
[2024-02-15T04:47:57.817Z] PUT /api/staff/65ad7675c96e8e4c500eec02
[2024-02-15T04:47:57.997Z] GET /api/staff
[2024-02-15T04:48:02.383Z] GET /api/food-items/65c45fdce1de2dd384c9b16f
[2024-02-15T04:48:02.396Z] GET /api/staff/available
[2024-02-15T04:48:02.532Z] GET /api/food-items/65c45fdce1de2dd384c9b16f
[2024-02-15T04:48:02.558Z] GET /api/staff/available
[2024-02-15T04:48:02.564Z] GET /uploads/1707368412784-Leonardo_Diffusion_XL_day_1_text_2.jpg
[2024-02-15T04:48:13.301Z] PUT /api/staff/65aadc0896010bff26fca47e
[2024-02-15T04:48:13.427Z] GET /api/staff
[2024-02-15T04:48:16.478Z] GET /api/food-items/65c45fdce1de2dd384c9b16f
[2024-02-15T04:48:16.491Z] GET /api/staff/available
[2024-02-15T04:48:16.571Z] GET /api/food-items/65c45fdce1de2dd384c9b16f
[2024-02-15T04:48:16.625Z] GET /uploads/1707368412784-Leonardo_Diffusion_XL_day_1_text_2.jpg
[2024-02-15T04:48:16.637Z] GET /api/staff/available
[2024-02-15T04:48:24.677Z] PUT /api/staff/65bb3de0cbb1a30a4896f525
[2024-02-15T04:48:24.814Z] GET /api/staff
[2024-02-15T04:48:27.814Z] GET /api/food-items/65c45fdce1de2dd384c9b16f
[2024-02-15T04:48:27.822Z] GET /api/staff/available
[2024-02-15T04:48:27.967Z] GET /api/food-items/65c45fdce1de2dd384c9b16f
[2024-02-15T04:48:27.995Z] GET /api/staff/available
[2024-02-15T04:48:27.998Z] GET /uploads/1707368412784-Leonardo_Diffusion_XL_day_1_text_2.jpg
[2024-02-15T04:48:42.885Z] PUT /api/staff/65bb3de0cbb1a30a4896f525
[2024-02-15T04:48:43.019Z] GET /api/staff
[2024-02-15T04:48:48.292Z] GET /api/food-items/65c45fdce1de2dd384c9b16f
[2024-02-15T04:48:48.304Z] GET /api/staff/available
[2024-02-15T04:48:48.411Z] GET /api/food-items/65c45fdce1de2dd384c9b16f
[2024-02-15T04:48:48.494Z] GET /api/staff/available
[2024-02-15T04:48:48.507Z] GET /uploads/1707368412784-Leonardo_Diffusion_XL_day_1_text_2.jpg
[2024-02-15T04:48:57.471Z] GET /api/food-items/65c45fdce1de2dd384c9b16f
[2024-02-15T04:48:57.475Z] GET /api/staff/available
[2024-02-15T04:48:57.634Z] GET /api/staff/available
[2024-02-15T04:48:57.637Z] GET /api/food-items/65c45fdce1de2dd384c9b16f
[2024-02-15T04:48:57.668Z] GET /uploads/1707368412784-Leonardo_Diffusion_XL_day_1_text_2.jpg
[2024-02-15T04:49:05.038Z] GET /api/food-items/65c45fdce1de2dd384c9b16f
[2024-02-15T04:49:05.041Z] GET /api/staff/available
[2024-02-15T04:49:05.197Z] GET /api/food-items/65c45fdce1de2dd384c9b16f
[2024-02-15T04:49:05.205Z] GET /api/staff/available
[2024-02-15T04:49:05.220Z] GET /uploads/1707368412784-Leonardo_Diffusion_XL_day_1_text_2.jpg
[2024-02-15T04:50:10.868Z] GET /api/food-items/65c45fdce1de2dd384c9b16f
[2024-02-15T04:50:10.871Z] GET /api/staff/available
[2024-02-15T04:50:10.947Z] GET /api/food-items/65c45fdce1de2dd384c9b16f
[2024-02-15T04:50:10.951Z] GET /api/staff/available
[2024-02-15T04:50:11.053Z] GET /uploads/1707368412784-Leonardo_Diffusion_XL_day_1_text_2.jpg
[2024-02-15T04:50:41.199Z] PUT /api/staff-status/65ad7675c96e8e4c500eec02
[2024-02-15T04:54:45.882Z] GET /api/food-items/65c45fdce1de2dd384c9b16f
[2024-02-15T04:54:45.914Z] GET /api/staff/available
[2024-02-15T04:54:46.170Z] GET /api/food-items/65c45fdce1de2dd384c9b16f
[2024-02-15T04:54:46.200Z] GET /uploads/1707368412784-Leonardo_Diffusion_XL_day_1_text_2.jpg
[2024-02-15T04:54:46.248Z] GET /api/staff/available
[2024-02-15T04:54:50.601Z] PUT /api/staff-status/65ad7675c96e8e4c500eec02
[2024-02-15T04:54:54.003Z] PUT /api/staff-status/65ad7675c96e8e4c500eec02
[2024-02-15T04:55:03.141Z] GET /api/food-items/65c45fdce1de2dd384c9b16f
[2024-02-15T04:55:03.157Z] GET /api/staff/available
[2024-02-15T04:55:03.289Z] GET /api/food-items/65c45fdce1de2dd384c9b16f
[2024-02-15T04:55:03.320Z] GET /api/staff/available
[2024-02-15T04:55:03.333Z] GET /uploads/1707368412784-Leonardo_Diffusion_XL_day_1_text_2.jpg
[2024-02-15T04:56:24.427Z] PUT /api/staff/65bb3de0cbb1a30a4896f525
[2024-02-15T04:56:24.653Z] GET /api/staff
[2024-02-15T04:56:28.192Z] GET /api/food-items/65c45fdce1de2dd384c9b16f
[2024-02-15T04:56:28.213Z] GET /api/staff/available
[2024-02-15T04:56:28.396Z] GET /api/food-items/65c45fdce1de2dd384c9b16f
[2024-02-15T04:56:28.421Z] GET /api/staff/available
[2024-02-15T04:56:28.425Z] GET /uploads/1707368412784-Leonardo_Diffusion_XL_day_1_text_2.jpg
[2024-02-15T04:56:34.212Z] PUT /api/staff-status/65bb3de0cbb1a30a4896f525
[2024-02-15T04:57:08.803Z] PUT /api/staff/65bb3de0cbb1a30a4896f525
[2024-02-15T04:57:09.272Z] GET /api/staff
[2024-02-15T04:57:11.607Z] GET /api/food-items/65c45fdce1de2dd384c9b16f
[2024-02-15T04:57:11.612Z] GET /api/staff/available
[2024-02-15T04:57:11.662Z] GET /api/food-items/65c45fdce1de2dd384c9b16f
[2024-02-15T04:57:11.788Z] GET /api/staff/available
[2024-02-15T04:57:11.795Z] GET /uploads/1707368412784-Leonardo_Diffusion_XL_day_1_text_2.jpg
[2024-02-15T04:57:27.898Z] GET /api/food-items/65c45fdce1de2dd384c9b16f
[2024-02-15T04:57:27.908Z] GET /api/staff/available
[2024-02-15T04:57:28.025Z] GET /api/food-items/65c45fdce1de2dd384c9b16f
[2024-02-15T04:57:28.061Z] GET /api/staff/available
[2024-02-15T04:57:28.066Z] GET /uploads/1707368412784-Leonardo_Diffusion_XL_day_1_text_2.jpg
[2024-02-15T04:57:30.357Z] PUT /api/staff-status/65ad7675c96e8e4c500eec02
[2024-02-15T04:57:30.460Z] GET /api/staff/available
[2024-02-15T05:03:02.956Z] GET /api/staff
[2024-02-15T05:03:06.052Z] GET /api/staff
[2024-02-15T05:03:06.110Z] GET /api/staff
[2024-02-15T05:03:22.965Z] GET /api/staff
[2024-02-15T05:03:24.753Z] GET /api/staff
[2024-02-15T05:03:24.818Z] GET /api/staff
[2024-02-15T05:03:25.948Z] DELETE /api/staff/65bb3de0cbb1a30a4896f525
[2024-02-15T05:04:01.140Z] GET /api/staff
[2024-02-15T05:04:01.252Z] GET /api/staff
[2024-02-15T05:04:03.909Z] DELETE /api/staff/65bb3de0cbb1a30a4896f525
[2024-02-15T05:04:03.966Z] GET /api/staff
[2024-02-15T05:04:41.208Z] GET /api/staff
[2024-02-15T05:04:41.331Z] GET /api/staff
[2024-02-15T05:05:31.588Z] GET /api/staff
[2024-02-15T05:05:31.677Z] GET /api/staff
[2024-02-15T05:05:33.260Z] DELETE /api/staff/65baa1a71a1788b25db8fb5b
[2024-02-15T05:05:33.316Z] GET /api/staff
